[2020-06-18 22:25:59] []: Obter - SCRIPT...SELECT a.codigo, a.descr, a.valor_unit  from geral a where a.ativo = 1 and a.msp='S' 
[2020-06-18 22:26:01] []: Obter - SCRIPT...SELECT a.codigo, a.descr, a.msp, a.codigo_a, a.familia, a.cod_fis_serv, a.ativo, a.inclusao, a.alteracao, a.valor_unit  from geral a where  a.codigo = '00002' 
[2020-06-18 22:26:19] []: Obter - SCRIPT...SELECT a.codigo, a.descr, a.msp, a.codigo_a, a.familia, a.cod_fis_serv, a.ativo, a.inclusao, a.alteracao, a.valor_unit  from geral a where  a.codigo = '00002' 
[2020-06-18 22:29:05] []: Obter - SCRIPT...SELECT a.codigo, a.descr, a.msp, a.codigo_a, a.familia, a.cod_fis_serv, a.ativo, a.inclusao, a.alteracao, a.valor_unit  from geral a where  a.codigo = '00002' 
[2020-06-18 22:36:00] []: Obter - SCRIPT...SELECT a.codigo, a.descr, a.valor_unit  from geral a where a.ativo = 1 and a.msp='S' 
[2020-06-18 22:36:08] []: Obter - SCRIPT...SELECT a.codigo, a.descr, a.msp, a.codigo_a, a.familia, a.cod_fis_serv, a.ativo, a.inclusao, a.alteracao, a.valor_unit  from geral a where  a.codigo = '00003' 
[2020-06-18 22:36:27] []: Obter - SCRIPT...SELECT a.codigo, a.descr, a.valor_unit  from geral a where a.ativo = 1 and a.msp='S' 
[2020-06-18 22:38:36] []: Obter - SCRIPT...SELECT a.codigo, a.descr, a.valor_unit  from geral a where a.ativo = 1 and a.msp='S' 
[2020-06-18 22:38:42] []: Obter - SCRIPT...SELECT a.codigo, a.descr, a.valor_unit  from geral a where a.ativo = 1 and a.msp='S' 
[2020-06-18 22:38:46] []: Obter - SCRIPT...SELECT a.codigo, a.descr, a.valor_unit  from geral a where a.ativo = 1 and a.msp='S' 
[2020-06-18 22:38:49] []: Obter - SCRIPT...SELECT a.codigo, a.descr, a.valor_unit  from geral a where a.ativo = 1 and a.msp='S' 
[2020-06-18 22:38:55] []: Obter - SCRIPT...SELECT a.codigo, a.descr, a.valor_unit  from geral a where a.ativo = 1 and a.msp='S' 
[2020-06-18 22:40:56] []: Obter - SCRIPT...SELECT a.codigo, a.descr, a.valor_unit  from geral a where  a.msp='S' 
[2020-06-18 22:41:00] []: Obter - SCRIPT...SELECT a.codigo, a.descr, a.valor_unit  from geral a where  a.msp='S' 
[2020-06-18 22:41:02] []: Obter - SCRIPT...SELECT a.codigo, a.descr, a.valor_unit  from geral a where  a.msp='S' 
[2020-06-18 22:41:05] []: Obter - SCRIPT...SELECT a.codigo, a.descr, a.valor_unit  from geral a where  a.msp='S' 
[2020-06-18 22:42:06] []: Obter - SCRIPT...SELECT a.codigo, a.descr, a.valor_unit  from geral a where  a.msp='S' 
[2020-06-18 22:42:09] []: Obter - SCRIPT...SELECT a.codigo, a.descr, a.valor_unit  from geral a where  a.msp='S' AND a.ativo = 1 
[2020-06-18 22:42:13] []: Obter - SCRIPT...SELECT a.codigo, a.descr, a.valor_unit  from geral a where  a.msp='S' 
[2020-06-18 22:44:12] []: Obter - SCRIPT...SELECT a.codigo, a.descr, a.valor_unit, a.ativo  from geral a where  a.msp='S' 
[2020-06-18 22:44:16] []: Obter - SCRIPT...SELECT a.codigo, a.descr, a.valor_unit, a.ativo  from geral a where  a.msp='S' AND a.ativo = 1 
[2020-06-18 22:44:18] []: Obter - SCRIPT...SELECT a.codigo, a.descr, a.valor_unit, a.ativo  from geral a where  a.msp='S' 
[2020-06-18 22:44:29] []: Obter - SCRIPT...SELECT a.codigo, a.descr, a.valor_unit, a.ativo  from geral a where  a.msp='S' AND a.DESCR LIKE '%pa%' AND a.ativo = 1 
[2020-06-18 22:44:37] []: Obter - SCRIPT...SELECT a.codigo, a.descr, a.valor_unit, a.ativo  from geral a where  a.msp='S' AND a.DESCR LIKE '%pa%' 
[2020-06-18 22:44:43] []: Obter - SCRIPT...SELECT a.codigo, a.descr, a.msp, a.codigo_a, a.familia, a.cod_fis_serv, a.ativo, a.inclusao, a.alteracao, a.valor_unit  from geral a where  a.codigo = '00002' 
[2020-06-18 22:44:47] []: Obter - SCRIPT...SELECT a.codigo, a.descr, a.msp, a.codigo_a, a.familia, a.cod_fis_serv, a.ativo, a.inclusao, a.alteracao, a.valor_unit  from geral a where  a.codigo = '00002' 
[2020-06-18 22:44:53] []: Obter - SCRIPT...SELECT a.codigo, a.descr, a.valor_unit, a.ativo  from geral a where  a.msp='S' 
[2020-06-18 22:44:54] []: Obter - SCRIPT...SELECT a.codigo, a.descr, a.valor_unit, a.ativo  from geral a where  a.msp='S' AND a.ativo = 1 
[2020-06-18 22:44:55] []: Obter - SCRIPT...SELECT a.codigo, a.descr, a.valor_unit, a.ativo  from geral a where  a.msp='S' AND a.ativo = 1 
[2020-06-18 22:44:56] []: Obter - SCRIPT...SELECT a.codigo, a.descr, a.valor_unit, a.ativo  from geral a where  a.msp='S' AND a.ativo = 1 
[2020-06-18 22:45:22] []: Obter - SCRIPT...SELECT a.codigo, a.descr, a.valor_unit, a.ativo  from geral a where  a.msp='S' 
[2020-06-18 22:45:36] []: Obter - SCRIPT...SELECT a.codigo, a.descr, a.valor_unit, a.ativo  from geral a where  a.msp='S' 
[2020-06-18 22:46:04] []: Obter - SCRIPT...SELECT a.codigo, a.descr, a.valor_unit, a.ativo  from geral a where  a.msp='S' 
[2020-06-18 22:46:49] []: Obter - SCRIPT...SELECT a.codigo, a.descr, a.valor_unit, a.ativo  from geral a where  a.msp='S' 
[2020-06-18 22:47:03] []: Obter - SCRIPT...SELECT a.codigo, a.descr, a.valor_unit, a.ativo  from geral a where  a.msp='S' 
[2020-06-18 22:47:17] []: Obter - SCRIPT...SELECT a.codigo, a.descr, a.valor_unit, a.ativo  from geral a where  a.msp='S' 
[2020-06-18 22:47:24] []: Obter - SCRIPT...SELECT a.codigo, a.descr, a.valor_unit, a.ativo  from geral a where  a.msp='S' 
[2020-06-18 22:47:49] []: Obter - SCRIPT...SELECT a.codigo, a.descr, a.valor_unit, a.ativo  from geral a where  a.msp='S' 
[2020-06-18 22:48:06] []: Obter - SCRIPT...SELECT a.codigo, a.descr, a.valor_unit, a.ativo  from geral a where  a.msp='S' 
[2020-06-18 22:48:19] []: Obter - SCRIPT...SELECT a.PED, a.COD_EMP, a.COD_CLI, b.NOME, a.ABERTA, a.VALOR_TOT, a.STATUS_PED  from pedidos a, clientes b where a.COD_CLI = b.XCLIENTES 
