[2020-07-01 01:02:07] []: Obter - SCRIPT...SELECT a.codigo, a.descr, a.valor_unit, a.ativo  from geral a where  a.msp='S' 
[2020-07-01 01:02:10] []: Obter - SCRIPT...SELECT a.codigo, a.descr, a.msp, a.codigo_a, a.familia, a.cod_fis_serv, a.ativo, a.inclusao, a.alteracao, a.valor_unit  from geral a where  a.codigo = '00002' 
[2020-07-01 01:04:50] []: Obter - SCRIPT...SELECT a.codigo, a.descr, a.msp, a.codigo_a, a.familia, a.cod_fis_serv, a.ativo, a.inclusao, a.alteracao, a.valor_unit  from geral a where  a.codigo = '00002' 
[2020-07-01 01:04:55] []: Obter - SCRIPT...SELECT a.PED, a.COD_EMP, a.COD_CLI, b.NOME, a.ABERTA, a.VALOR_TOT, a.STATUS_PED  from pedidos a, clientes b where a.COD_CLI = b.XCLIENTES 
[2020-07-01 01:04:56] []: Obter - SCRIPT...SELECT a.aberta, a.usuario, a.cod_emp, a.cod_cli, b.nome, a.cod_con, a.cod_ser, a.seu_ped, a.doc_fiscal, a.obs1, a.obs2 , a.desconto, a.acrescimo, c.descr as descrcond, d.descr as descroper from pedidos a, clientes b, condicoes c, operacoes d where a.cod_cli = b.xclientes AND a.cod_con = c.codigo AND a.cod_ser = d.codigo and a.PED = 'PS00000000' 
[2020-07-01 01:04:56] []: Obter - SCRIPT...SELECT xclientes, nome  from clientes where 1=1 
[2020-07-01 01:04:56] []: Obter - SCRIPT...SELECT codigo, descr  from condicoes where 1=1 
[2020-07-01 01:04:56] []: Obter - SCRIPT...SELECT codigo, descr  from operacoes where 1=1 
[2020-07-01 01:04:56] []: Obter - SCRIPT...SELECT a.regid, a.seq_item, a.codigo, a.descr_item, a.quant, a.valor_unit, (a.valor_unit - a.valor_desc) * a.quant AS valor_tot  from mov_peds a where a.PED = 'PS00000000' 
[2020-07-01 01:04:58] []: Obter - SCRIPT...SELECT a.codigo, a.descr_item, a.quant, a.valor_unit, a.VALOR_COF, a.VALOR_PIS, a.COD_SERV_CID, a.AL_COFINS, a.AL_PIS,AL_ISS, a.AL_IR, a.VALOR_IR, a.VALOR_ISS, a.SEQ_ITEM, a.OBS, a.valor_desc  from mov_peds a where  a.PED = 'PS00000000' and a.regid = 97 
[2020-07-01 01:04:58] []: Obter - SCRIPT...SELECT codigo, descr from geral where  msp ='S' and ativo = 1  order by descr 
[2020-07-01 01:04:58] []: Obter - SCRIPT...SELECT a.regid, a.seq_item, a.codigo, a.descr_item, a.quant, a.valor_unit, (a.valor_unit - a.valor_desc) * a.quant AS valor_tot  from mov_peds a where  a.PED = 'PS00000000' 
[2020-07-01 01:05:21] []: Obter - SCRIPT...SELECT a.aberta, a.usuario, a.cod_emp, a.cod_cli, b.nome, a.cod_con, a.cod_ser, a.seu_ped, a.doc_fiscal, a.obs1, a.obs2 , a.desconto, a.acrescimo, c.descr as descrcond, d.descr as descroper from pedidos a, clientes b, condicoes c, operacoes d where a.cod_cli = b.xclientes AND a.cod_con = c.codigo AND a.cod_ser = d.codigo and a.PED = 'PS00000000' 
[2020-07-01 01:05:21] []: Obter - SCRIPT...SELECT xclientes, nome  from clientes where 1=1 
[2020-07-01 01:05:21] []: Obter - SCRIPT...SELECT codigo, descr  from condicoes where 1=1 
[2020-07-01 01:05:21] []: Obter - SCRIPT...SELECT codigo, descr  from operacoes where 1=1 
[2020-07-01 01:05:21] []: Obter - SCRIPT...SELECT a.regid, a.seq_item, a.codigo, a.descr_item, a.quant, a.valor_unit, (a.valor_unit - a.valor_desc) * a.quant AS valor_tot  from mov_peds a where a.PED = 'PS00000000' 
[2020-07-01 01:05:25] []: Obter - SCRIPT...SELECT a.codigo, a.descr_item, a.quant, a.valor_unit, a.VALOR_COF, a.VALOR_PIS, a.COD_SERV_CID, a.AL_COFINS, a.AL_PIS,AL_ISS, a.AL_IR, a.VALOR_IR, a.VALOR_ISS, a.SEQ_ITEM, a.OBS, a.valor_desc  from mov_peds a where  a.PED = 'PS00000000' and a.regid = 97 
[2020-07-01 01:05:25] []: Obter - SCRIPT...SELECT codigo, descr from geral where  msp ='S' and ativo = 1  order by descr 
[2020-07-01 01:05:25] []: Obter - SCRIPT...SELECT a.regid, a.seq_item, a.codigo, a.descr_item, a.quant, a.valor_unit, (a.valor_unit - a.valor_desc) * a.quant AS valor_tot  from mov_peds a where  a.PED = 'PS00000000' 
