[2020-06-19 02:00:10] []: Obter - SCRIPT...SELECT a.PED, a.COD_EMP, a.COD_CLI, b.NOME, a.ABERTA, a.VALOR_TOT, a.STATUS_PED  from pedidos a, clientes b where a.COD_CLI = b.XCLIENTES 
[2020-06-19 02:00:11] []: Obter - SCRIPT...SELECT xclientes, nome  from clientes where 1=1 
[2020-06-19 02:00:11] []: Obter - SCRIPT...SELECT codigo, descr  from condicoes where 1=1 
[2020-06-19 02:00:11] []: Obter - SCRIPT...SELECT codigo, descr  from operacoes where 1=1 
[2020-06-19 02:00:11] []: Obter - SCRIPT...SELECT a.regid, a.seq_item, a.codigo, a.descr_item, a.quant, a.valor_unit, a.valor_unit * a.quant AS valor_tot  from mov_peds a where a.PED = 'PS000000001' 
[2020-06-19 02:03:20] []: Obter - SCRIPT...SELECT a.PED, a.COD_EMP, a.COD_CLI, b.NOME, a.ABERTA, a.VALOR_TOT, a.STATUS_PED  from pedidos a, clientes b where a.COD_CLI = b.XCLIENTES 
[2020-06-19 02:03:21] []: Obter - SCRIPT...SELECT xclientes, nome  from clientes where 1=1 
[2020-06-19 02:03:21] []: Obter - SCRIPT...SELECT codigo, descr  from condicoes where 1=1 
[2020-06-19 02:03:21] []: Obter - SCRIPT...SELECT codigo, descr  from operacoes where 1=1 
[2020-06-19 02:03:22] []: Obter - SCRIPT...SELECT a.regid, a.seq_item, a.codigo, a.descr_item, a.quant, a.valor_unit, a.valor_unit * a.quant AS valor_tot  from mov_peds a where a.PED = 'PS000000001' 
[2020-06-19 02:03:42] []: Obter - SCRIPT...SELECT a.PED, a.COD_EMP, a.COD_CLI, b.NOME, a.ABERTA, a.VALOR_TOT, a.STATUS_PED  from pedidos a, clientes b where a.COD_CLI = b.XCLIENTES 
[2020-06-19 02:03:43] []: Obter - SCRIPT...SELECT xclientes, nome  from clientes where 1=1 
[2020-06-19 02:03:43] []: Obter - SCRIPT...SELECT codigo, descr  from condicoes where 1=1 
[2020-06-19 02:03:43] []: Obter - SCRIPT...SELECT codigo, descr  from operacoes where 1=1 
[2020-06-19 02:03:43] []: Obter - SCRIPT...SELECT a.regid, a.seq_item, a.codigo, a.descr_item, a.quant, a.valor_unit, a.valor_unit * a.quant AS valor_tot  from mov_peds a where a.PED = 'PS000000001' 
[2020-06-19 02:04:18] []: Obter - SCRIPT...SELECT a.PED, a.COD_EMP, a.COD_CLI, b.NOME, a.ABERTA, a.VALOR_TOT, a.STATUS_PED  from pedidos a, clientes b where a.COD_CLI = b.XCLIENTES 
[2020-06-19 02:05:25] []: Obter - SCRIPT...SELECT a.PED, a.COD_EMP, a.COD_CLI, b.NOME, a.ABERTA, a.VALOR_TOT, a.STATUS_PED  from pedidos a, clientes b where a.COD_CLI = b.XCLIENTES 
[2020-06-19 02:06:43] []: Obter - SCRIPT...SELECT a.PED, a.COD_EMP, a.COD_CLI, b.NOME, a.ABERTA, a.VALOR_TOT, a.STATUS_PED  from pedidos a, clientes b where a.COD_CLI = b.XCLIENTES 
[2020-06-19 02:06:45] []: Obter - SCRIPT...SELECT xclientes, nome  from clientes where 1=1 
[2020-06-19 02:06:45] []: Obter - SCRIPT...SELECT codigo, descr  from condicoes where 1=1 
[2020-06-19 02:06:45] []: Obter - SCRIPT...SELECT codigo, descr  from operacoes where 1=1 
[2020-06-19 02:06:45] []: Obter - SCRIPT...SELECT a.regid, a.seq_item, a.codigo, a.descr_item, a.quant, a.valor_unit, a.valor_unit * a.quant AS valor_tot  from mov_peds a where a.PED = 'PS000000001' 
[2020-06-19 02:07:28] []: Obter - SCRIPT...SELECT a.PED, a.COD_EMP, a.COD_CLI, b.NOME, a.ABERTA, a.VALOR_TOT, a.STATUS_PED  from pedidos a, clientes b where a.COD_CLI = b.XCLIENTES 
[2020-06-19 02:07:29] []: Obter - SCRIPT...SELECT xclientes, nome  from clientes where 1=1 
[2020-06-19 02:07:29] []: Obter - SCRIPT...SELECT codigo, descr  from condicoes where 1=1 
[2020-06-19 02:07:29] []: Obter - SCRIPT...SELECT codigo, descr  from operacoes where 1=1 
[2020-06-19 02:07:29] []: Obter - SCRIPT...SELECT a.regid, a.seq_item, a.codigo, a.descr_item, a.quant, a.valor_unit, a.valor_unit * a.quant AS valor_tot  from mov_peds a where a.PED = 'PS000000001' 
[2020-06-19 02:09:43] []: Obter - SCRIPT...SELECT a.PED, a.COD_EMP, a.COD_CLI, b.NOME, a.ABERTA, a.VALOR_TOT, a.STATUS_PED  from pedidos a, clientes b where a.COD_CLI = b.XCLIENTES 
[2020-06-19 02:09:45] []: Obter - SCRIPT...SELECT xclientes, nome  from clientes where 1=1 
[2020-06-19 02:09:45] []: Obter - SCRIPT...SELECT codigo, descr  from condicoes where 1=1 
[2020-06-19 02:09:45] []: Obter - SCRIPT...SELECT codigo, descr  from operacoes where 1=1 
[2020-06-19 02:09:45] []: Obter - SCRIPT...SELECT a.regid, a.seq_item, a.codigo, a.descr_item, a.quant, a.valor_unit, a.valor_unit * a.quant AS valor_tot  from mov_peds a where a.PED = 'PS000000001' 
[2020-06-19 02:11:53] []: Obter - SCRIPT...SELECT a.PED, a.COD_EMP, a.COD_CLI, b.NOME, a.ABERTA, a.VALOR_TOT, a.STATUS_PED  from pedidos a, clientes b where a.COD_CLI = b.XCLIENTES 
[2020-06-19 02:11:56] []: Obter - SCRIPT...SELECT xclientes, nome  from clientes where 1=1 
[2020-06-19 02:11:56] []: Obter - SCRIPT...SELECT codigo, descr  from condicoes where 1=1 
[2020-06-19 02:11:56] []: Obter - SCRIPT...SELECT codigo, descr  from operacoes where 1=1 
[2020-06-19 02:11:56] []: Obter - SCRIPT...SELECT a.regid, a.seq_item, a.codigo, a.descr_item, a.quant, a.valor_unit, a.valor_unit * a.quant AS valor_tot  from mov_peds a where a.PED = 'PS000000001' 
[2020-06-19 02:12:31] []: Obter - SCRIPT...SELECT a.PED, a.COD_EMP, a.COD_CLI, b.NOME, a.ABERTA, a.VALOR_TOT, a.STATUS_PED  from pedidos a, clientes b where a.COD_CLI = b.XCLIENTES 
[2020-06-19 02:12:32] []: Obter - SCRIPT...SELECT xclientes, nome  from clientes where 1=1 
[2020-06-19 02:12:32] []: Obter - SCRIPT...SELECT codigo, descr  from condicoes where 1=1 
[2020-06-19 02:12:32] []: Obter - SCRIPT...SELECT codigo, descr  from operacoes where 1=1 
[2020-06-19 02:12:32] []: Obter - SCRIPT...SELECT a.regid, a.seq_item, a.codigo, a.descr_item, a.quant, a.valor_unit, a.valor_unit * a.quant AS valor_tot  from mov_peds a where a.PED = 'PS000000001' 
[2020-06-19 02:12:47] []: Obter - SCRIPT...SELECT a.PED, a.COD_EMP, a.COD_CLI, b.NOME, a.ABERTA, a.VALOR_TOT, a.STATUS_PED  from pedidos a, clientes b where a.COD_CLI = b.XCLIENTES 
[2020-06-19 02:12:49] []: Obter - SCRIPT...SELECT xclientes, nome  from clientes where 1=1 
[2020-06-19 02:12:49] []: Obter - SCRIPT...SELECT codigo, descr  from condicoes where 1=1 
[2020-06-19 02:12:49] []: Obter - SCRIPT...SELECT codigo, descr  from operacoes where 1=1 
[2020-06-19 02:12:49] []: Obter - SCRIPT...SELECT a.regid, a.seq_item, a.codigo, a.descr_item, a.quant, a.valor_unit, a.valor_unit * a.quant AS valor_tot  from mov_peds a where a.PED = 'PS000000001' 
[2020-06-19 02:13:11] []: Obter - SCRIPT...SELECT a.PED, a.COD_EMP, a.COD_CLI, b.NOME, a.ABERTA, a.VALOR_TOT, a.STATUS_PED  from pedidos a, clientes b where a.COD_CLI = b.XCLIENTES 
[2020-06-19 02:13:12] []: Obter - SCRIPT...SELECT xclientes, nome  from clientes where 1=1 
[2020-06-19 02:13:12] []: Obter - SCRIPT...SELECT codigo, descr  from condicoes where 1=1 
[2020-06-19 02:13:12] []: Obter - SCRIPT...SELECT codigo, descr  from operacoes where 1=1 
[2020-06-19 02:13:12] []: Obter - SCRIPT...SELECT a.regid, a.seq_item, a.codigo, a.descr_item, a.quant, a.valor_unit, a.valor_unit * a.quant AS valor_tot  from mov_peds a where a.PED = 'PS000000000' 
[2020-06-19 02:13:47] []: Obter - SCRIPT...SELECT a.PED, a.COD_EMP, a.COD_CLI, b.NOME, a.ABERTA, a.VALOR_TOT, a.STATUS_PED  from pedidos a, clientes b where a.COD_CLI = b.XCLIENTES 
[2020-06-19 02:13:49] []: Obter - SCRIPT...SELECT xclientes, nome  from clientes where 1=1 
[2020-06-19 02:13:49] []: Obter - SCRIPT...SELECT codigo, descr  from condicoes where 1=1 
[2020-06-19 02:13:49] []: Obter - SCRIPT...SELECT codigo, descr  from operacoes where 1=1 
[2020-06-19 02:13:49] []: Obter - SCRIPT...SELECT a.regid, a.seq_item, a.codigo, a.descr_item, a.quant, a.valor_unit, a.valor_unit * a.quant AS valor_tot  from mov_peds a where a.PED = 'PS000000001' 
[2020-06-19 02:14:21] []: Obter - SCRIPT...SELECT a.PED, a.COD_EMP, a.COD_CLI, b.NOME, a.ABERTA, a.VALOR_TOT, a.STATUS_PED  from pedidos a, clientes b where a.COD_CLI = b.XCLIENTES 
[2020-06-19 02:14:27] []: Obter - SCRIPT...SELECT xclientes, nome  from clientes where 1=1 
[2020-06-19 02:14:27] []: Obter - SCRIPT...SELECT codigo, descr  from condicoes where 1=1 
[2020-06-19 02:14:27] []: Obter - SCRIPT...SELECT codigo, descr  from operacoes where 1=1 
[2020-06-19 02:14:27] []: Obter - SCRIPT...SELECT a.regid, a.seq_item, a.codigo, a.descr_item, a.quant, a.valor_unit, a.valor_unit * a.quant AS valor_tot  from mov_peds a where a.PED = 'PS000000001' 
[2020-06-19 02:14:30] []: Obter - SCRIPT...SELECT a.PED, a.COD_EMP, a.COD_CLI, b.NOME, a.ABERTA, a.VALOR_TOT, a.STATUS_PED  from pedidos a, clientes b where a.COD_CLI = b.XCLIENTES 
[2020-06-19 02:14:37] []: Obter - SCRIPT...SELECT a.PED, a.COD_EMP, a.COD_CLI, b.NOME, a.ABERTA, a.VALOR_TOT, a.STATUS_PED  from pedidos a, clientes b where a.COD_CLI = b.XCLIENTES 
[2020-06-19 02:14:39] []: Obter - SCRIPT...SELECT xclientes, nome  from clientes where 1=1 
[2020-06-19 02:14:39] []: Obter - SCRIPT...SELECT codigo, descr  from condicoes where 1=1 
[2020-06-19 02:14:39] []: Obter - SCRIPT...SELECT codigo, descr  from operacoes where 1=1 
[2020-06-19 02:14:39] []: Obter - SCRIPT...SELECT a.regid, a.seq_item, a.codigo, a.descr_item, a.quant, a.valor_unit, a.valor_unit * a.quant AS valor_tot  from mov_peds a where a.PED = 'PS000000001' 
[2020-06-19 02:17:07] []: Obter - SCRIPT...SELECT a.PED, a.COD_EMP, a.COD_CLI, b.NOME, a.ABERTA, a.VALOR_TOT, a.STATUS_PED  from pedidos a, clientes b where a.COD_CLI = b.XCLIENTES 
[2020-06-19 02:17:09] []: Obter - SCRIPT...SELECT xclientes, nome  from clientes where 1=1 
[2020-06-19 02:17:09] []: Obter - SCRIPT...SELECT codigo, descr  from condicoes where 1=1 
[2020-06-19 02:17:09] []: Obter - SCRIPT...SELECT codigo, descr  from operacoes where 1=1 
[2020-06-19 02:17:09] []: Obter - SCRIPT...SELECT a.regid, a.seq_item, a.codigo, a.descr_item, a.quant, a.valor_unit, a.valor_unit * a.quant AS valor_tot  from mov_peds a where a.PED = 'PS000000001' 
[2020-06-19 02:17:21] []: Obter - SCRIPT...SELECT a.PED, a.COD_EMP, a.COD_CLI, b.NOME, a.ABERTA, a.VALOR_TOT, a.STATUS_PED  from pedidos a, clientes b where a.COD_CLI = b.XCLIENTES 
[2020-06-19 02:17:22] []: Obter - SCRIPT...SELECT xclientes, nome  from clientes where 1=1 
[2020-06-19 02:17:22] []: Obter - SCRIPT...SELECT codigo, descr  from condicoes where 1=1 
[2020-06-19 02:17:22] []: Obter - SCRIPT...SELECT codigo, descr  from operacoes where 1=1 
[2020-06-19 02:17:23] []: Obter - SCRIPT...SELECT a.regid, a.seq_item, a.codigo, a.descr_item, a.quant, a.valor_unit, a.valor_unit * a.quant AS valor_tot  from mov_peds a where a.PED = 'PS000000001' 
[2020-06-19 02:17:42] []: Obter - SCRIPT...SELECT a.PED, a.COD_EMP, a.COD_CLI, b.NOME, a.ABERTA, a.VALOR_TOT, a.STATUS_PED  from pedidos a, clientes b where a.COD_CLI = b.XCLIENTES 
[2020-06-19 02:17:44] []: Obter - SCRIPT...SELECT xclientes, nome  from clientes where 1=1 
[2020-06-19 02:17:44] []: Obter - SCRIPT...SELECT codigo, descr  from condicoes where 1=1 
[2020-06-19 02:17:44] []: Obter - SCRIPT...SELECT codigo, descr  from operacoes where 1=1 
[2020-06-19 02:17:44] []: Obter - SCRIPT...SELECT a.regid, a.seq_item, a.codigo, a.descr_item, a.quant, a.valor_unit, a.valor_unit * a.quant AS valor_tot  from mov_peds a where a.PED = 'PS000000001' 
[2020-06-19 02:17:59] []: Obter - SCRIPT...SELECT a.PED, a.COD_EMP, a.COD_CLI, b.NOME, a.ABERTA, a.VALOR_TOT, a.STATUS_PED  from pedidos a, clientes b where a.COD_CLI = b.XCLIENTES 
[2020-06-19 02:18:01] []: Obter - SCRIPT...SELECT xclientes, nome  from clientes where 1=1 
[2020-06-19 02:18:01] []: Obter - SCRIPT...SELECT codigo, descr  from condicoes where 1=1 
[2020-06-19 02:18:01] []: Obter - SCRIPT...SELECT codigo, descr  from operacoes where 1=1 
[2020-06-19 02:18:01] []: Obter - SCRIPT...SELECT a.regid, a.seq_item, a.codigo, a.descr_item, a.quant, a.valor_unit, a.valor_unit * a.quant AS valor_tot  from mov_peds a where a.PED = 'PS000000001' 
[2020-06-19 02:23:04] []: Obter - SCRIPT...SELECT a.PED, a.COD_EMP, a.COD_CLI, b.NOME, a.ABERTA, a.VALOR_TOT, a.STATUS_PED  from pedidos a, clientes b where a.COD_CLI = b.XCLIENTES 
[2020-06-19 02:23:06] []: Obter - SCRIPT...SELECT xclientes, nome  from clientes where 1=1 
[2020-06-19 02:23:06] []: Obter - SCRIPT...SELECT codigo, descr  from condicoes where 1=1 
[2020-06-19 02:23:06] []: Obter - SCRIPT...SELECT codigo, descr  from operacoes where 1=1 
[2020-06-19 02:23:06] []: Obter - SCRIPT...SELECT a.regid, a.seq_item, a.codigo, a.descr_item, a.quant, a.valor_unit, a.valor_unit * a.quant AS valor_tot  from mov_peds a where a.PED = 'PS000000001' 
[2020-06-19 02:23:40] []: Obter - SCRIPT...SELECT a.PED, a.COD_EMP, a.COD_CLI, b.NOME, a.ABERTA, a.VALOR_TOT, a.STATUS_PED  from pedidos a, clientes b where a.COD_CLI = b.XCLIENTES 
[2020-06-19 02:23:42] []: Obter - SCRIPT...SELECT xclientes, nome  from clientes where 1=1 
[2020-06-19 02:23:42] []: Obter - SCRIPT...SELECT codigo, descr  from condicoes where 1=1 
[2020-06-19 02:23:42] []: Obter - SCRIPT...SELECT codigo, descr  from operacoes where 1=1 
[2020-06-19 02:23:42] []: Obter - SCRIPT...SELECT a.regid, a.seq_item, a.codigo, a.descr_item, a.quant, a.valor_unit, a.valor_unit * a.quant AS valor_tot  from mov_peds a where a.PED = 'PS000000001' 
[2020-06-19 02:23:55] []: Obter - SCRIPT...SELECT a.PED, a.COD_EMP, a.COD_CLI, b.NOME, a.ABERTA, a.VALOR_TOT, a.STATUS_PED  from pedidos a, clientes b where a.COD_CLI = b.XCLIENTES 
[2020-06-19 02:23:56] []: Obter - SCRIPT...SELECT xclientes, nome  from clientes where 1=1 
[2020-06-19 02:23:56] []: Obter - SCRIPT...SELECT codigo, descr  from condicoes where 1=1 
[2020-06-19 02:23:56] []: Obter - SCRIPT...SELECT codigo, descr  from operacoes where 1=1 
[2020-06-19 02:23:56] []: Obter - SCRIPT...SELECT a.regid, a.seq_item, a.codigo, a.descr_item, a.quant, a.valor_unit, a.valor_unit * a.quant AS valor_tot  from mov_peds a where a.PED = 'PS000000001' 
[2020-06-19 02:24:27] []: Obter - SCRIPT...SELECT a.PED, a.COD_EMP, a.COD_CLI, b.NOME, a.ABERTA, a.VALOR_TOT, a.STATUS_PED  from pedidos a, clientes b where a.COD_CLI = b.XCLIENTES 
[2020-06-19 02:24:29] []: Obter - SCRIPT...SELECT xclientes, nome  from clientes where 1=1 
[2020-06-19 02:24:29] []: Obter - SCRIPT...SELECT codigo, descr  from condicoes where 1=1 
[2020-06-19 02:24:29] []: Obter - SCRIPT...SELECT codigo, descr  from operacoes where 1=1 
[2020-06-19 02:24:29] []: Obter - SCRIPT...SELECT a.regid, a.seq_item, a.codigo, a.descr_item, a.quant, a.valor_unit, a.valor_unit * a.quant AS valor_tot  from mov_peds a where a.PED = 'PS000000001' 
[2020-06-19 02:25:28] []: Obter - SCRIPT...SELECT a.PED, a.COD_EMP, a.COD_CLI, b.NOME, a.ABERTA, a.VALOR_TOT, a.STATUS_PED  from pedidos a, clientes b where a.COD_CLI = b.XCLIENTES 
[2020-06-19 02:25:30] []: Obter - SCRIPT...SELECT xclientes, nome  from clientes where 1=1 
[2020-06-19 02:25:30] []: Obter - SCRIPT...SELECT codigo, descr  from condicoes where 1=1 
[2020-06-19 02:25:30] []: Obter - SCRIPT...SELECT codigo, descr  from operacoes where 1=1 
[2020-06-19 02:25:30] []: Obter - SCRIPT...SELECT a.regid, a.seq_item, a.codigo, a.descr_item, a.quant, a.valor_unit, a.valor_unit * a.quant AS valor_tot  from mov_peds a where a.PED = 'PS000000001' 
[2020-06-19 02:25:52] []: Obter - SCRIPT...SELECT a.PED, a.COD_EMP, a.COD_CLI, b.NOME, a.ABERTA, a.VALOR_TOT, a.STATUS_PED  from pedidos a, clientes b where a.COD_CLI = b.XCLIENTES 
[2020-06-19 02:25:54] []: Obter - SCRIPT...SELECT xclientes, nome  from clientes where 1=1 
[2020-06-19 02:25:54] []: Obter - SCRIPT...SELECT codigo, descr  from condicoes where 1=1 
[2020-06-19 02:25:55] []: Obter - SCRIPT...SELECT codigo, descr  from operacoes where 1=1 
[2020-06-19 02:25:55] []: Obter - SCRIPT...SELECT a.regid, a.seq_item, a.codigo, a.descr_item, a.quant, a.valor_unit, a.valor_unit * a.quant AS valor_tot  from mov_peds a where a.PED = 'PS000000001' 
[2020-06-19 02:26:22] []: Obter - SCRIPT...SELECT a.PED, a.COD_EMP, a.COD_CLI, b.NOME, a.ABERTA, a.VALOR_TOT, a.STATUS_PED  from pedidos a, clientes b where a.COD_CLI = b.XCLIENTES 
[2020-06-19 02:26:24] []: Obter - SCRIPT...SELECT xclientes, nome  from clientes where 1=1 
[2020-06-19 02:26:24] []: Obter - SCRIPT...SELECT codigo, descr  from condicoes where 1=1 
[2020-06-19 02:26:24] []: Obter - SCRIPT...SELECT codigo, descr  from operacoes where 1=1 
[2020-06-19 02:26:24] []: Obter - SCRIPT...SELECT a.regid, a.seq_item, a.codigo, a.descr_item, a.quant, a.valor_unit, a.valor_unit * a.quant AS valor_tot  from mov_peds a where a.PED = 'PS000000002' 
[2020-06-19 02:27:19] []: Obter - SCRIPT...SELECT a.PED, a.COD_EMP, a.COD_CLI, b.NOME, a.ABERTA, a.VALOR_TOT, a.STATUS_PED  from pedidos a, clientes b where a.COD_CLI = b.XCLIENTES 
[2020-06-19 02:27:21] []: Obter - SCRIPT...SELECT xclientes, nome  from clientes where 1=1 
[2020-06-19 02:27:21] []: Obter - SCRIPT...SELECT codigo, descr  from condicoes where 1=1 
[2020-06-19 02:27:21] []: Obter - SCRIPT...SELECT codigo, descr  from operacoes where 1=1 
[2020-06-19 02:27:21] []: Obter - SCRIPT...SELECT a.regid, a.seq_item, a.codigo, a.descr_item, a.quant, a.valor_unit, a.valor_unit * a.quant AS valor_tot  from mov_peds a where a.PED = 'PS000000003' 
[2020-06-19 02:30:06] []: Obter - SCRIPT...SELECT a.PED, a.COD_EMP, a.COD_CLI, b.NOME, a.ABERTA, a.VALOR_TOT, a.STATUS_PED  from pedidos a, clientes b where a.COD_CLI = b.XCLIENTES 
[2020-06-19 02:30:08] []: Obter - SCRIPT...SELECT xclientes, nome  from clientes where 1=1 
[2020-06-19 02:30:08] []: Obter - SCRIPT...SELECT codigo, descr  from condicoes where 1=1 
[2020-06-19 02:30:08] []: Obter - SCRIPT...SELECT codigo, descr  from operacoes where 1=1 
[2020-06-19 02:30:08] []: Obter - SCRIPT...SELECT a.regid, a.seq_item, a.codigo, a.descr_item, a.quant, a.valor_unit, a.valor_unit * a.quant AS valor_tot  from mov_peds a where a.PED = 'PS000000004' 
[2020-06-19 02:30:39] []: Obter - SCRIPT...SELECT a.PED, a.COD_EMP, a.COD_CLI, b.NOME, a.ABERTA, a.VALOR_TOT, a.STATUS_PED  from pedidos a, clientes b where a.COD_CLI = b.XCLIENTES 
[2020-06-19 02:30:57] []: Obter - SCRIPT...SELECT a.PED, a.COD_EMP, a.COD_CLI, b.NOME, a.ABERTA, a.VALOR_TOT, a.STATUS_PED  from pedidos a, clientes b where a.COD_CLI = b.XCLIENTES 
[2020-06-19 02:30:59] []: Obter - SCRIPT...SELECT xclientes, nome  from clientes where 1=1 
[2020-06-19 02:30:59] []: Obter - SCRIPT...SELECT codigo, descr  from condicoes where 1=1 
[2020-06-19 02:30:59] []: Obter - SCRIPT...SELECT codigo, descr  from operacoes where 1=1 
[2020-06-19 02:30:59] []: Obter - SCRIPT...SELECT a.regid, a.seq_item, a.codigo, a.descr_item, a.quant, a.valor_unit, a.valor_unit * a.quant AS valor_tot  from mov_peds a where a.PED = 'PS000000005' 
